Flow report for Independent_LED_Toggle_with_Push_Buttons
Sat Aug 02 20:49:08 2025
Quartus II 64-Bit Version 13.0.1 Build 232 06/12/2013 Service Pack 1 SJ Web Edition


---------------------
; Table of Contents ;
---------------------
  1. Legal Notice
  2. Flow Summary
  3. Flow Settings
  4. Flow Non-Default Global Settings
  5. Flow Elapsed Time
  6. Flow OS Summary
  7. Flow Log
  8. Flow Messages
  9. Flow Suppressed Messages



----------------
; Legal Notice ;
----------------
Copyright (C) 1991-2013 Altera Corporation
Your use of Altera Corporation's design tools, logic functions 
and other software and tools, and its AMPP partner logic 
functions, and any output files from any of the foregoing 
(including device programming or simulation files), and any 
associated documentation or information are expressly subject 
to the terms and conditions of the Altera Program License 
Subscription Agreement, Altera MegaCore Function License 
Agreement, or other applicable license agreement, including, 
without limitation, that your use is for the sole purpose of 
programming logic devices manufactured by Altera and sold by 
Altera or its authorized distributors.  Please refer to the 
applicable agreement for further details.



+-----------------------------------------------------------------------------+
; Flow Summary                                                                ;
+---------------------------+-------------------------------------------------+
; Flow Status               ; Successful - Sat Aug 02 20:49:08 2025           ;
; Quartus II 64-Bit Version ; 13.0.1 Build 232 06/12/2013 SP 1 SJ Web Edition ;
; Revision Name             ; Independent_LED_Toggle_with_Push_Buttons        ;
; Top-level Entity Name     ; Independent_LED_Toggle_with_Push_Buttons        ;
; Family                    ; MAX II                                          ;
; Device                    ; EPM240T100C5                                    ;
; Timing Models             ; Final                                           ;
; Total logic elements      ; 6 / 240 ( 3 % )                                 ;
; Total pins                ; 7 / 80 ( 9 % )                                  ;
; Total virtual pins        ; 0                                               ;
; UFM blocks                ; 0 / 1 ( 0 % )                                   ;
+---------------------------+-------------------------------------------------+


+--------------------------------------------------------------+
; Flow Settings                                                ;
+-------------------+------------------------------------------+
; Option            ; Setting                                  ;
+-------------------+------------------------------------------+
; Start date & time ; 08/02/2025 20:49:02                      ;
; Main task         ; Compilation                              ;
; Revision Name     ; Independent_LED_Toggle_with_Push_Buttons ;
+-------------------+------------------------------------------+


+--------------------------------------------------------------------------------------------------------------------+
; Flow Non-Default Global Settings                                                                                   ;
+---------------------------------------+-----------------------------+---------------+-------------+----------------+
; Assignment Name                       ; Value                       ; Default Value ; Entity Name ; Section Id     ;
+---------------------------------------+-----------------------------+---------------+-------------+----------------+
; COMPILER_SIGNATURE_ID                 ; 52236755198.175414794203480 ; --            ; --          ; --             ;
; EDA_OUTPUT_DATA_FORMAT                ; Verilog Hdl                 ; --            ; --          ; eda_simulation ;
; EDA_SIMULATION_TOOL                   ; ModelSim-Altera (Verilog)   ; <None>        ; --          ; --             ;
; MAX_CORE_JUNCTION_TEMP                ; 85                          ; --            ; --          ; --             ;
; MIN_CORE_JUNCTION_TEMP                ; 0                           ; --            ; --          ; --             ;
; POWER_EXT_SUPPLY_VOLTAGE_TO_REGULATOR ; 3.3V                        ; --            ; --          ; --             ;
; PROJECT_OUTPUT_DIRECTORY              ; output_files                ; --            ; --          ; --             ;
+---------------------------------------+-----------------------------+---------------+-------------+----------------+


+-------------------------------------------------------------------------------------------------------------------------------+
; Flow Elapsed Time                                                                                                             ;
+---------------------------+--------------+-------------------------+---------------------+------------------------------------+
; Module Name               ; Elapsed Time ; Average Processors Used ; Peak Virtual Memory ; Total CPU Time (on all processors) ;
+---------------------------+--------------+-------------------------+---------------------+------------------------------------+
; Analysis & Synthesis      ; 00:00:01     ; 1.0                     ; 4566 MB             ; 00:00:01                           ;
; Fitter                    ; 00:00:01     ; 1.0                     ; 4755 MB             ; 00:00:01                           ;
; Assembler                 ; 00:00:01     ; 1.0                     ; 4507 MB             ; 00:00:00                           ;
; TimeQuest Timing Analyzer ; 00:00:01     ; 1.0                     ; 4501 MB             ; 00:00:01                           ;
; EDA Netlist Writer        ; 00:00:00     ; 1.0                     ; 4482 MB             ; 00:00:00                           ;
; Total                     ; 00:00:04     ; --                      ; --                  ; 00:00:03                           ;
+---------------------------+--------------+-------------------------+---------------------+------------------------------------+


+----------------------------------------------------------------------------------------+
; Flow OS Summary                                                                        ;
+---------------------------+------------------+-----------+------------+----------------+
; Module Name               ; Machine Hostname ; OS Name   ; OS Version ; Processor type ;
+---------------------------+------------------+-----------+------------+----------------+
; Analysis & Synthesis      ; DESKTOP-OMS5JVR  ; Windows 7 ; 6.2        ; x86_64         ;
; Fitter                    ; DESKTOP-OMS5JVR  ; Windows 7 ; 6.2        ; x86_64         ;
; Assembler                 ; DESKTOP-OMS5JVR  ; Windows 7 ; 6.2        ; x86_64         ;
; TimeQuest Timing Analyzer ; DESKTOP-OMS5JVR  ; Windows 7 ; 6.2        ; x86_64         ;
; EDA Netlist Writer        ; DESKTOP-OMS5JVR  ; Windows 7 ; 6.2        ; x86_64         ;
+---------------------------+------------------+-----------+------------+----------------+


------------
; Flow Log ;
------------
quartus_map --read_settings_files=on --write_settings_files=off Independent_LED_Toggle_with_Push_Buttons -c Independent_LED_Toggle_with_Push_Buttons
quartus_fit --read_settings_files=off --write_settings_files=off Independent_LED_Toggle_with_Push_Buttons -c Independent_LED_Toggle_with_Push_Buttons
quartus_asm --read_settings_files=off --write_settings_files=off Independent_LED_Toggle_with_Push_Buttons -c Independent_LED_Toggle_with_Push_Buttons
quartus_sta Independent_LED_Toggle_with_Push_Buttons -c Independent_LED_Toggle_with_Push_Buttons
quartus_eda --read_settings_files=off --write_settings_files=off Independent_LED_Toggle_with_Push_Buttons -c Independent_LED_Toggle_with_Push_Buttons



